<?xml version="1.0" encoding="UTF-8"?>
<!-- Generated by org.testng.reporters.JUnitReportReporter -->
<testsuite hostname="DESKTOP-LUGISBJ" failures="0" tests="1" name="org.example.testRunner.R01_Smoke" time="25.082" errors="0" timestamp="2022-08-18T14:16:27 EET" skipped="0">
  <testcase classname="org.example.testRunner.R01_Smoke" name="runScenario" time="25.082"/>
  <system-out/>
</testsuite> <!-- org.example.testRunner.R01_Smoke -->
